<?xml version="1.0" encoding="UTF-8"?>
<!-- Generated by org.testng.reporters.JUnitXMLReporter -->
<testsuite hostname="Brij-SNH" ignored="0" name="Test" tests="3" failures="0" timestamp="2020-01-21T13:47:07 IST" time="3.97" errors="0">
  <testcase name="getAllRepositories" time="1.492" classname="gitHubAPITestPkg1.GetAllRepos1"/>
  <testcase name="getRepoBody" time="0.985" classname="gitHubAPITestPkg1.GetAllRepos1"/>
  <testcase name="getRepoBodyString" time="1.218" classname="gitHubAPITestPkg1.GetAllRepos1"/>
</testsuite> <!-- Test -->
