<?xml version="1.0" encoding="UTF-8"?>
<testng-results skipped="0" failed="0" ignored="0" total="1" passed="1">
  <reporter-output>
  </reporter-output>
  <suite name="Default suite" duration-ms="1938" started-at="2020-01-24T13:01:31 IST" finished-at="2020-01-24T13:01:33 IST">
    <groups>
    </groups>
    <test name="Default test" duration-ms="1938" started-at="2020-01-24T13:01:31 IST" finished-at="2020-01-24T13:01:33 IST">
      <class name="gitHubAPITestPkg1.GitHubRepoJSONAssert1">
        <test-method status="PASS" signature="getAllRepositoriesLogParams()[pri:1, instance:gitHubAPITestPkg1.GitHubRepoJSONAssert1@291b4bf5]" name="getAllRepositoriesLogParams" duration-ms="1907" started-at="2020-01-24T13:01:31 IST" finished-at="2020-01-24T13:01:33 IST">
          <reporter-output>
          </reporter-output>
        </test-method> <!-- getAllRepositoriesLogParams -->
      </class> <!-- gitHubAPITestPkg1.GitHubRepoJSONAssert1 -->
    </test> <!-- Default test -->
  </suite> <!-- Default suite -->
</testng-results>
