<?xml version="1.0" encoding="UTF-8"?>
<testng-results skipped="0" failed="0" ignored="0" total="1" passed="1">
  <reporter-output>
  </reporter-output>
  <suite name="Default suite" duration-ms="2314" started-at="2020-01-22T14:07:09 IST" finished-at="2020-01-22T14:07:11 IST">
    <groups>
    </groups>
    <test name="Default test" duration-ms="2314" started-at="2020-01-22T14:07:09 IST" finished-at="2020-01-22T14:07:11 IST">
      <class name="googleplacesAPI.GetPlace">
        <test-method status="PASS" signature="getPlace()[pri:0, instance:googleplacesAPI.GetPlace@6e6c3152]" name="getPlace" duration-ms="2282" started-at="2020-01-22T14:07:09 IST" finished-at="2020-01-22T14:07:11 IST">
          <reporter-output>
          </reporter-output>
        </test-method> <!-- getPlace -->
      </class> <!-- googleplacesAPI.GetPlace -->
    </test> <!-- Default test -->
  </suite> <!-- Default suite -->
</testng-results>
